Drill report for SparkFun_Qwiic_Navigation.kicad_pcb
Created on 2024-11-09T20:31:53-0700

Copper Layer Stackup:
    =============================================================
    L1 :  F.Cu                      front
    L2 :  B.Cu                      back


Drill file 'SparkFun_Qwiic_Navigation.drl' contains
    plated through holes:
    =============================================================
    T1  0.300mm  0.0118"  (39 holes)
    T2  1.016mm  0.0400"  (8 holes)

    Total plated holes count 47


Not plated through holes are merged with plated holes
    unplated through holes:
    =============================================================
    T3  0.700mm  0.0276"  (1 hole)
    T4  1.000mm  0.0394"  (1 hole)
    T5  2.100mm  0.0827"  (1 hole)
    T6  3.100mm  0.1220"  (4 holes)

    Total unplated holes count 7
